<?xml version="1.0" encoding="UTF-8"?>
<testsuite xmlns:xsi="http://www.w3.org/2001/XMLSchema-instance" xsi:noNamespaceSchemaLocation="https://maven.apache.org/surefire/maven-surefire-plugin/xsd/surefire-test-report-3.0.xsd" version="3.0" name="com.example.ApiTest" time="2.028" tests="2" errors="0" skipped="0" failures="0">
  <properties>
[...]
</properties>
  <testcase name="getTest" classname="com.example.ApiTest" time="1.238">
    <system-out><![CDATA[HTTP/1.1 200 OK
Date: Fri, 30 May 2025 11:55:33 GMT
Content-Type: application/json; charset=utf-8
Content-Length: 292
Connection: keep-alive
Server: cloudflare
Report-To: {"group":"heroku-nel","max_age":3600,"endpoints":[{"url":"https://nel.heroku.com/reports?ts=1745348616&sid=e11707d5-02a7-43ef-b45e-2cf4d2036f7d&s=ZQM1FwWQ879Il1%2BkeqKRSa41Xlzs8KQxWIO1X%2FxRGoY%3D"}]}
Reporting-Endpoints: heroku-nel=https://nel.heroku.com/reports?ts=1745348616&sid=e11707d5-02a7-43ef-b45e-2cf4d2036f7d&s=ZQM1FwWQ879Il1%2BkeqKRSa41Xlzs8KQxWIO1X%2FxRGoY%3D
Nel: {"report_to":"heroku-nel","max_age":3600,"success_fraction":0.005,"failure_fraction":0.05,"response_headers":["Via"]}
X-Powered-By: Express
X-Ratelimit-Limit: 1000
X-Ratelimit-Remaining: 999
X-Ratelimit-Reset: 1745348653
Vary: Origin, Accept-Encoding
Access-Control-Allow-Credentials: true
Cache-Control: max-age=43200
Pragma: no-cache
Expires: -1
X-Content-Type-Options: nosniff
Etag: W/"124-yiKdLzqO5gfBrJFrcdJ8Yq0LGnU"
Via: 1.1 vegur
Age: 3018
Cf-Cache-Status: HIT
CF-RAY: 947e0b0ea956513b-IST
alt-svc: h3=":443"; ma=86400

{
    "userId": 1,
    "id": 1,
    "title": "sunt aut facere repellat provident occaecati excepturi optio reprehenderit",
    "body": "quia et suscipit\nsuscipit recusandae consequuntur expedita et cum\nreprehenderit molestiae ut ut quas totam\nnostrum rerum est autem sunt rem eveniet architecto"
}
]]></system-out>
  </testcase>
  <testcase name="postTest" classname="com.example.ApiTest" time="0.539">
    <system-out><![CDATA[HTTP/1.1 201 Created
Date: Fri, 30 May 2025 11:55:34 GMT
Content-Type: application/json; charset=utf-8
Content-Length: 102
Connection: keep-alive
Access-Control-Allow-Credentials: true
Access-Control-Expose-Headers: Location
Cache-Control: no-cache
Etag: W/"66-k8wgAJz7gX9NqIRiugwZeAZ1LTg"
Expires: -1
Location: https://jsonplaceholder.typicode.com/posts/101
Nel: {"report_to":"heroku-nel","response_headers":["Via"],"max_age":3600,"success_fraction":0.01,"failure_fraction":0.1}
Pragma: no-cache
Report-To: {"group":"heroku-nel","endpoints":[{"url":"https://nel.heroku.com/reports?s=Qjnk%2FxSWo7%2BtpQk4t4FNDik8Opjzy%2FzvjIEgjvgQ8Ro%3D\u0026sid=e11707d5-02a7-43ef-b45e-2cf4d2036f7d\u0026ts=1748606134"}],"max_age":3600}
Reporting-Endpoints: heroku-nel="https://nel.heroku.com/reports?s=Qjnk%2FxSWo7%2BtpQk4t4FNDik8Opjzy%2FzvjIEgjvgQ8Ro%3D&sid=e11707d5-02a7-43ef-b45e-2cf4d2036f7d&ts=1748606134"
Server: cloudflare
Vary: Origin, X-HTTP-Method-Override, Accept-Encoding
Via: 2.0 heroku-router
X-Content-Type-Options: nosniff
X-Powered-By: Express
X-Ratelimit-Limit: 1000
X-Ratelimit-Remaining: 999
X-Ratelimit-Reset: 1748606176
Cf-Cache-Status: DYNAMIC
CF-RAY: 947e0b120db53e85-IST
alt-svc: h3=":443"; ma=86400

{
    "title": "Deneme Başlığı",
    "body": "Bu bir test içeriğidir.",
    "userId": 1,
    "id": 101
}
]]></system-out>
  </testcase>
</testsuite>